<?xml version="1.0" encoding="UTF-8"?>
<robot generator="Robot 6.1.1 (Python 3.11.4 on win32)" generated="20231217 12:34:28.386" rpa="false" schemaversion="4">
<suite id="s1" name="Swaglab" source="d:\automação-teste=técnico-minsait\Robot Framework\WebTest\Swag Lab\swaglab.robot">
<test id="s1-t1" name="CT3 Adição de Produtos ao Carrinho Após Login" line="8">
<kw name="Abrir o navegador" library="swagLabResources" type="SETUP">
<kw name="Open Browser" library="SeleniumLibrary">
<arg>browser=chrome</arg>
<doc>Opens a new browser instance to the optional ``url``.</doc>
<msg timestamp="20231217 12:34:29.371" level="INFO">Opening browser 'chrome' to base url 'None'.</msg>
<status status="PASS" starttime="20231217 12:34:29.371" endtime="20231217 12:34:31.752"/>
</kw>
<kw name="Maximize Browser Window" library="SeleniumLibrary">
<doc>Maximizes current browser window.</doc>
<status status="PASS" starttime="20231217 12:34:31.753" endtime="20231217 12:34:31.969"/>
</kw>
<status status="PASS" starttime="20231217 12:34:29.369" endtime="20231217 12:34:31.969"/>
</kw>
<kw name="Realizar login com credenciais corretas e verificar se o acesso é concedido" library="swagLabResources">
<kw name="Go To" library="SeleniumLibrary">
<arg>url=${Url}</arg>
<doc>Navigates the current browser window to the provided ``url``.</doc>
<msg timestamp="20231217 12:34:31.981" level="INFO">Opening url 'https://www.saucedemo.com/'</msg>
<status status="PASS" starttime="20231217 12:34:31.979" endtime="20231217 12:34:32.912"/>
</kw>
<kw name="Wait Until Element Is Visible" library="SeleniumLibrary">
<arg>locator=${Locator_UserName}</arg>
<doc>Waits until the element ``locator`` is visible.</doc>
<status status="PASS" starttime="20231217 12:34:32.913" endtime="20231217 12:34:33.061"/>
</kw>
<kw name="Input Text" library="SeleniumLibrary">
<arg>locator=${Locator_Login}</arg>
<arg>text=${User}</arg>
<doc>Types the given ``text`` into the text field identified by ``locator``.</doc>
<msg timestamp="20231217 12:34:33.064" level="INFO">Typing text 'standard_user' into text field '//input[contains(@placeholder,'Username')]'.</msg>
<status status="PASS" starttime="20231217 12:34:33.062" endtime="20231217 12:34:33.377"/>
</kw>
<kw name="Input Password" library="SeleniumLibrary">
<arg>locator=${Locator_password}</arg>
<arg>password=${Password}</arg>
<doc>Types the given password into the text field identified by ``locator``.</doc>
<msg timestamp="20231217 12:34:33.378" level="INFO">Typing password into text field '//input[contains(@placeholder,'Password')]'.</msg>
<msg timestamp="20231217 12:34:33.457" level="INFO">Temporally setting log level to: NONE</msg>
<msg timestamp="20231217 12:34:33.599" level="INFO">Log level changed from NONE to INFO.</msg>
<status status="PASS" starttime="20231217 12:34:33.377" endtime="20231217 12:34:33.599"/>
</kw>
<kw name="Click Button" library="SeleniumLibrary">
<arg>locator=${BTN_Login}</arg>
<doc>Clicks the button identified by ``locator``.</doc>
<msg timestamp="20231217 12:34:33.601" level="INFO">Clicking button 'login-button'.</msg>
<status status="PASS" starttime="20231217 12:34:33.600" endtime="20231217 12:34:33.831"/>
</kw>
<kw name="Capture Page Screenshot" library="SeleniumLibrary">
<doc>Takes a screenshot of the current page and embeds it into a log file.</doc>
<msg timestamp="20231217 12:34:34.193" level="INFO" html="true">&lt;/td&gt;&lt;/tr&gt;&lt;tr&gt;&lt;td colspan="3"&gt;&lt;a href="selenium-screenshot-1.png"&gt;&lt;img src="selenium-screenshot-1.png" width="800px"&gt;&lt;/a&gt;</msg>
<status status="PASS" starttime="20231217 12:34:33.832" endtime="20231217 12:34:34.193"/>
</kw>
<status status="PASS" starttime="20231217 12:34:31.978" endtime="20231217 12:34:34.194"/>
</kw>
<kw name="Adicionar um item &quot;Test.allTheThings() T-Shirt (Red)&quot; ao carrinho após o login e verificar se a ação é bem-sucedida" library="swagLabResources" sourcename="Adicionar um item &quot;${Produto}&quot; ao carrinho após o login e verificar se a ação é bem-sucedida">
<kw name="Wait Until Element Is Visible" library="SeleniumLibrary">
<arg>locator=${SwagLabs}</arg>
<doc>Waits until the element ``locator`` is visible.</doc>
<status status="PASS" starttime="20231217 12:34:34.197" endtime="20231217 12:34:34.244"/>
</kw>
<kw name="Click Element" library="SeleniumLibrary">
<arg>locator=${Locator_produto}</arg>
<doc>Click the element identified by ``locator``.</doc>
<msg timestamp="20231217 12:34:34.246" level="INFO">Clicking element '//div[@class='inventory_item_name '][contains(.,'Test.allTheThings() T-Shirt (Red)')]'.</msg>
<status status="PASS" starttime="20231217 12:34:34.245" endtime="20231217 12:34:34.364"/>
</kw>
<kw name="Wait Until Element Is Visible" library="SeleniumLibrary">
<arg>locator=//div[@class='inventory_details_name large_size']</arg>
<doc>Waits until the element ``locator`` is visible.</doc>
<status status="PASS" starttime="20231217 12:34:34.365" endtime="20231217 12:34:34.416"/>
</kw>
<kw name="Click Button" library="SeleniumLibrary">
<arg>locator=${CarrinhoCompras}</arg>
<doc>Clicks the button identified by ``locator``.</doc>
<msg timestamp="20231217 12:34:34.418" level="INFO">Clicking button '//button[contains(.,'Add to cart')]'.</msg>
<status status="PASS" starttime="20231217 12:34:34.417" endtime="20231217 12:34:34.569"/>
</kw>
<kw name="Capture Page Screenshot" library="SeleniumLibrary">
<doc>Takes a screenshot of the current page and embeds it into a log file.</doc>
<msg timestamp="20231217 12:34:34.745" level="INFO" html="true">&lt;/td&gt;&lt;/tr&gt;&lt;tr&gt;&lt;td colspan="3"&gt;&lt;a href="selenium-screenshot-2.png"&gt;&lt;img src="selenium-screenshot-2.png" width="800px"&gt;&lt;/a&gt;</msg>
<status status="PASS" starttime="20231217 12:34:34.570" endtime="20231217 12:34:34.746"/>
</kw>
<status status="PASS" starttime="20231217 12:34:34.196" endtime="20231217 12:34:34.746"/>
</kw>
<kw name="Verificar se o produto &quot;Test.allTheThings() T-Shirt (Red)&quot; foi adicionado com sucesso" library="swagLabResources" sourcename="Verificar se o produto &quot;${Produto}&quot; foi adicionado com sucesso">
<kw name="Wait Until Element Is Visible" library="SeleniumLibrary">
<arg>locator=${Locator_ShopingCart}</arg>
<doc>Waits until the element ``locator`` is visible.</doc>
<status status="PASS" starttime="20231217 12:34:34.749" endtime="20231217 12:34:34.789"/>
</kw>
<kw name="Click Element" library="SeleniumLibrary">
<arg>locator=${Locator_ShopingCart}</arg>
<doc>Click the element identified by ``locator``.</doc>
<msg timestamp="20231217 12:34:34.791" level="INFO">Clicking element '//a[@class='shopping_cart_link'][contains(.,'1')]'.</msg>
<status status="PASS" starttime="20231217 12:34:34.790" endtime="20231217 12:34:34.893"/>
</kw>
<kw name="Wait Until Element Is Visible" library="SeleniumLibrary">
<arg>locator=${BTN_checkout}</arg>
<doc>Waits until the element ``locator`` is visible.</doc>
<status status="PASS" starttime="20231217 12:34:34.894" endtime="20231217 12:34:34.947"/>
</kw>
<kw name="Click Button" library="SeleniumLibrary">
<arg>locator=${BTN_checkout}</arg>
<doc>Clicks the button identified by ``locator``.</doc>
<msg timestamp="20231217 12:34:34.948" level="INFO">Clicking button '//button[@class='btn btn_action btn_medium checkout_button '][contains(.,'Checkout')]'.</msg>
<status status="PASS" starttime="20231217 12:34:34.947" endtime="20231217 12:34:35.065"/>
</kw>
<kw name="Capture Page Screenshot" library="SeleniumLibrary">
<doc>Takes a screenshot of the current page and embeds it into a log file.</doc>
<msg timestamp="20231217 12:34:35.212" level="INFO" html="true">&lt;/td&gt;&lt;/tr&gt;&lt;tr&gt;&lt;td colspan="3"&gt;&lt;a href="selenium-screenshot-3.png"&gt;&lt;img src="selenium-screenshot-3.png" width="800px"&gt;&lt;/a&gt;</msg>
<status status="PASS" starttime="20231217 12:34:35.066" endtime="20231217 12:34:35.212"/>
</kw>
<status status="PASS" starttime="20231217 12:34:34.748" endtime="20231217 12:34:35.213"/>
</kw>
<kw name="Informações do cliente &quot;Nome&quot; &quot;Sobrenome&quot; CEP e opções de entrega" library="swagLabResources">
<kw name="Wait Until Element Is Visible" library="SeleniumLibrary">
<arg>locator=${Locator_Message_Information}</arg>
<doc>Waits until the element ``locator`` is visible.</doc>
<status status="PASS" starttime="20231217 12:34:35.216" endtime="20231217 12:34:35.256"/>
</kw>
<kw name="Input Text" library="SeleniumLibrary">
<arg>locator=${Locator_Placeholder_FirstName}</arg>
<arg>text=${PESSOA.nome}</arg>
<doc>Types the given ``text`` into the text field identified by ``locator``.</doc>
<msg timestamp="20231217 12:34:35.260" level="INFO">Typing text 'João' into text field '//input[contains(@placeholder,'First Name')]'.</msg>
<status status="PASS" starttime="20231217 12:34:35.257" endtime="20231217 12:34:35.445"/>
</kw>
<kw name="Input Text" library="SeleniumLibrary">
<arg>locator=${Locator_Placeholder_LastName}</arg>
<arg>text=${PESSOA.sobrenome}</arg>
<doc>Types the given ``text`` into the text field identified by ``locator``.</doc>
<msg timestamp="20231217 12:34:35.448" level="INFO">Typing text 'Fernandes' into text field '//input[contains(@placeholder,'Last Name')]'.</msg>
<status status="PASS" starttime="20231217 12:34:35.446" endtime="20231217 12:34:35.726"/>
</kw>
<kw name="Input Text" library="SeleniumLibrary">
<arg>locator=${Zipcode}</arg>
<arg>text=${PESSOA.cep}</arg>
<doc>Types the given ``text`` into the text field identified by ``locator``.</doc>
<msg timestamp="20231217 12:34:35.729" level="INFO">Typing text '94475800' into text field '//input[contains(@placeholder,'Zip/Postal Code')]'.</msg>
<status status="PASS" starttime="20231217 12:34:35.727" endtime="20231217 12:34:35.963"/>
</kw>
<kw name="Click Button" library="SeleniumLibrary">
<arg>locator=${BTN_Submit}</arg>
<doc>Clicks the button identified by ``locator``.</doc>
<msg timestamp="20231217 12:34:35.965" level="INFO">Clicking button '//input[contains(@type,'submit')]'.</msg>
<status status="PASS" starttime="20231217 12:34:35.964" endtime="20231217 12:34:36.117"/>
</kw>
<kw name="Wait Until Element Is Visible" library="SeleniumLibrary">
<arg>locator=//span[@class='title'][contains(.,'Checkout: Overview')]</arg>
<doc>Waits until the element ``locator`` is visible.</doc>
<status status="PASS" starttime="20231217 12:34:36.118" endtime="20231217 12:34:36.167"/>
</kw>
<kw name="Click Button" library="SeleniumLibrary">
<arg>locator=${BTN_Finish}</arg>
<doc>Clicks the button identified by ``locator``.</doc>
<msg timestamp="20231217 12:34:36.169" level="INFO">Clicking button '//button[@class='btn btn_action btn_medium cart_button'][contains(.,'Finish')]'.</msg>
<status status="PASS" starttime="20231217 12:34:36.167" endtime="20231217 12:34:36.310"/>
</kw>
<kw name="Wait Until Element Is Visible" library="SeleniumLibrary">
<arg>locator=//span[@class='title'][contains(.,'Checkout: Complete!')]</arg>
<doc>Waits until the element ``locator`` is visible.</doc>
<status status="PASS" starttime="20231217 12:34:36.311" endtime="20231217 12:34:36.365"/>
</kw>
<kw name="Capture Page Screenshot" library="SeleniumLibrary">
<doc>Takes a screenshot of the current page and embeds it into a log file.</doc>
<msg timestamp="20231217 12:34:36.516" level="INFO" html="true">&lt;/td&gt;&lt;/tr&gt;&lt;tr&gt;&lt;td colspan="3"&gt;&lt;a href="selenium-screenshot-4.png"&gt;&lt;img src="selenium-screenshot-4.png" width="800px"&gt;&lt;/a&gt;</msg>
<status status="PASS" starttime="20231217 12:34:36.366" endtime="20231217 12:34:36.516"/>
</kw>
<status status="PASS" starttime="20231217 12:34:35.215" endtime="20231217 12:34:36.517"/>
</kw>
<kw name="Fechar o navegador" library="swagLabResources" type="TEARDOWN">
<kw name="Capture Page Screenshot" library="SeleniumLibrary">
<doc>Takes a screenshot of the current page and embeds it into a log file.</doc>
<msg timestamp="20231217 12:34:36.677" level="INFO" html="true">&lt;/td&gt;&lt;/tr&gt;&lt;tr&gt;&lt;td colspan="3"&gt;&lt;a href="selenium-screenshot-5.png"&gt;&lt;img src="selenium-screenshot-5.png" width="800px"&gt;&lt;/a&gt;</msg>
<status status="PASS" starttime="20231217 12:34:36.520" endtime="20231217 12:34:36.677"/>
</kw>
<kw name="Close Browser" library="SeleniumLibrary">
<doc>Closes the current browser.</doc>
<status status="PASS" starttime="20231217 12:34:36.678" endtime="20231217 12:34:39.144"/>
</kw>
<status status="PASS" starttime="20231217 12:34:36.519" endtime="20231217 12:34:39.145"/>
</kw>
<doc>Verifica item no carrinho de compras</doc>
<tag>Adicionar_carrinho</tag>
<status status="PASS" starttime="20231217 12:34:29.367" endtime="20231217 12:34:39.147"/>
</test>
<test id="s1-t2" name="CT4 Remover Produto do Carrinho" line="15">
<kw name="Abrir o navegador" library="swagLabResources" type="SETUP">
<kw name="Open Browser" library="SeleniumLibrary">
<arg>browser=chrome</arg>
<doc>Opens a new browser instance to the optional ``url``.</doc>
<msg timestamp="20231217 12:34:39.166" level="INFO">Opening browser 'chrome' to base url 'None'.</msg>
<status status="PASS" starttime="20231217 12:34:39.165" endtime="20231217 12:34:42.193"/>
</kw>
<kw name="Maximize Browser Window" library="SeleniumLibrary">
<doc>Maximizes current browser window.</doc>
<status status="PASS" starttime="20231217 12:34:42.193" endtime="20231217 12:34:42.499"/>
</kw>
<status status="PASS" starttime="20231217 12:34:39.165" endtime="20231217 12:34:42.499"/>
</kw>
<kw name="Realizar login com credenciais corretas e verificar se o acesso é concedido" library="swagLabResources">
<kw name="Go To" library="SeleniumLibrary">
<arg>url=${Url}</arg>
<doc>Navigates the current browser window to the provided ``url``.</doc>
<msg timestamp="20231217 12:34:42.510" level="INFO">Opening url 'https://www.saucedemo.com/'</msg>
<status status="PASS" starttime="20231217 12:34:42.508" endtime="20231217 12:34:43.642"/>
</kw>
<kw name="Wait Until Element Is Visible" library="SeleniumLibrary">
<arg>locator=${Locator_UserName}</arg>
<doc>Waits until the element ``locator`` is visible.</doc>
<status status="PASS" starttime="20231217 12:34:43.642" endtime="20231217 12:34:43.803"/>
</kw>
<kw name="Input Text" library="SeleniumLibrary">
<arg>locator=${Locator_Login}</arg>
<arg>text=${User}</arg>
<doc>Types the given ``text`` into the text field identified by ``locator``.</doc>
<msg timestamp="20231217 12:34:43.808" level="INFO">Typing text 'standard_user' into text field '//input[contains(@placeholder,'Username')]'.</msg>
<status status="PASS" starttime="20231217 12:34:43.805" endtime="20231217 12:34:44.422"/>
</kw>
<kw name="Input Password" library="SeleniumLibrary">
<arg>locator=${Locator_password}</arg>
<arg>password=${Password}</arg>
<doc>Types the given password into the text field identified by ``locator``.</doc>
<msg timestamp="20231217 12:34:44.425" level="INFO">Typing password into text field '//input[contains(@placeholder,'Password')]'.</msg>
<msg timestamp="20231217 12:34:44.501" level="INFO">Temporally setting log level to: NONE</msg>
<msg timestamp="20231217 12:34:44.615" level="INFO">Log level changed from NONE to INFO.</msg>
<status status="PASS" starttime="20231217 12:34:44.422" endtime="20231217 12:34:44.615"/>
</kw>
<kw name="Click Button" library="SeleniumLibrary">
<arg>locator=${BTN_Login}</arg>
<doc>Clicks the button identified by ``locator``.</doc>
<msg timestamp="20231217 12:34:44.617" level="INFO">Clicking button 'login-button'.</msg>
<status status="PASS" starttime="20231217 12:34:44.616" endtime="20231217 12:34:45.051"/>
</kw>
<kw name="Capture Page Screenshot" library="SeleniumLibrary">
<doc>Takes a screenshot of the current page and embeds it into a log file.</doc>
<msg timestamp="20231217 12:34:45.415" level="INFO" html="true">&lt;/td&gt;&lt;/tr&gt;&lt;tr&gt;&lt;td colspan="3"&gt;&lt;a href="selenium-screenshot-6.png"&gt;&lt;img src="selenium-screenshot-6.png" width="800px"&gt;&lt;/a&gt;</msg>
<status status="PASS" starttime="20231217 12:34:45.052" endtime="20231217 12:34:45.416"/>
</kw>
<status status="PASS" starttime="20231217 12:34:42.504" endtime="20231217 12:34:45.416"/>
</kw>
<kw name="Adicionar um item &quot;Test.allTheThings() T-Shirt (Red)&quot; ao carrinho após o login e verificar se a ação é bem-sucedida" library="swagLabResources" sourcename="Adicionar um item &quot;${Produto}&quot; ao carrinho após o login e verificar se a ação é bem-sucedida">
<kw name="Wait Until Element Is Visible" library="SeleniumLibrary">
<arg>locator=${SwagLabs}</arg>
<doc>Waits until the element ``locator`` is visible.</doc>
<status status="PASS" starttime="20231217 12:34:45.420" endtime="20231217 12:34:45.479"/>
</kw>
<kw name="Click Element" library="SeleniumLibrary">
<arg>locator=${Locator_produto}</arg>
<doc>Click the element identified by ``locator``.</doc>
<msg timestamp="20231217 12:34:45.481" level="INFO">Clicking element '//div[@class='inventory_item_name '][contains(.,'Test.allTheThings() T-Shirt (Red)')]'.</msg>
<status status="PASS" starttime="20231217 12:34:45.479" endtime="20231217 12:34:45.603"/>
</kw>
<kw name="Wait Until Element Is Visible" library="SeleniumLibrary">
<arg>locator=//div[@class='inventory_details_name large_size']</arg>
<doc>Waits until the element ``locator`` is visible.</doc>
<status status="PASS" starttime="20231217 12:34:45.603" endtime="20231217 12:34:45.675"/>
</kw>
<kw name="Click Button" library="SeleniumLibrary">
<arg>locator=${CarrinhoCompras}</arg>
<doc>Clicks the button identified by ``locator``.</doc>
<msg timestamp="20231217 12:34:45.677" level="INFO">Clicking button '//button[contains(.,'Add to cart')]'.</msg>
<status status="PASS" starttime="20231217 12:34:45.675" endtime="20231217 12:34:45.838"/>
</kw>
<kw name="Capture Page Screenshot" library="SeleniumLibrary">
<doc>Takes a screenshot of the current page and embeds it into a log file.</doc>
<msg timestamp="20231217 12:34:46.055" level="INFO" html="true">&lt;/td&gt;&lt;/tr&gt;&lt;tr&gt;&lt;td colspan="3"&gt;&lt;a href="selenium-screenshot-7.png"&gt;&lt;img src="selenium-screenshot-7.png" width="800px"&gt;&lt;/a&gt;</msg>
<status status="PASS" starttime="20231217 12:34:45.839" endtime="20231217 12:34:46.056"/>
</kw>
<status status="PASS" starttime="20231217 12:34:45.418" endtime="20231217 12:34:46.056"/>
</kw>
<kw name="Remover o produto &quot;Test.allTheThings() T-Shirt (Red)&quot; do carrinho" library="swagLabResources">
<kw name="Wait Until Element Is Visible" library="SeleniumLibrary">
<arg>locator=//button[contains(.,'Remove')]</arg>
<doc>Waits until the element ``locator`` is visible.</doc>
<status status="PASS" starttime="20231217 12:34:46.063" endtime="20231217 12:34:46.119"/>
</kw>
<kw name="Click Button" library="SeleniumLibrary">
<arg>locator=//button[contains(.,'Remove')]</arg>
<doc>Clicks the button identified by ``locator``.</doc>
<msg timestamp="20231217 12:34:46.123" level="INFO">Clicking button '//button[contains(.,'Remove')]'.</msg>
<status status="PASS" starttime="20231217 12:34:46.120" endtime="20231217 12:34:46.258"/>
</kw>
<kw name="Wait Until Element Is Visible" library="SeleniumLibrary">
<arg>locator=//a[contains(@class,'shopping_cart_link')]</arg>
<doc>Waits until the element ``locator`` is visible.</doc>
<status status="PASS" starttime="20231217 12:34:46.258" endtime="20231217 12:34:46.313"/>
</kw>
<status status="PASS" starttime="20231217 12:34:46.062" endtime="20231217 12:34:46.313"/>
</kw>
<kw name="Verificar se o carrinho fica vazio" library="swagLabResources">
<kw name="Wait Until Element Is Visible" library="SeleniumLibrary">
<arg>locator=//a[contains(@class,'shopping_cart_link')]</arg>
<doc>Waits until the element ``locator`` is visible.</doc>
<status status="PASS" starttime="20231217 12:34:46.316" endtime="20231217 12:34:46.364"/>
</kw>
<kw name="Capture Page Screenshot" library="SeleniumLibrary">
<doc>Takes a screenshot of the current page and embeds it into a log file.</doc>
<msg timestamp="20231217 12:34:46.563" level="INFO" html="true">&lt;/td&gt;&lt;/tr&gt;&lt;tr&gt;&lt;td colspan="3"&gt;&lt;a href="selenium-screenshot-8.png"&gt;&lt;img src="selenium-screenshot-8.png" width="800px"&gt;&lt;/a&gt;</msg>
<status status="PASS" starttime="20231217 12:34:46.364" endtime="20231217 12:34:46.564"/>
</kw>
<status status="PASS" starttime="20231217 12:34:46.315" endtime="20231217 12:34:46.564"/>
</kw>
<kw name="Fechar o navegador" library="swagLabResources" type="TEARDOWN">
<kw name="Capture Page Screenshot" library="SeleniumLibrary">
<doc>Takes a screenshot of the current page and embeds it into a log file.</doc>
<msg timestamp="20231217 12:34:46.831" level="INFO" html="true">&lt;/td&gt;&lt;/tr&gt;&lt;tr&gt;&lt;td colspan="3"&gt;&lt;a href="selenium-screenshot-9.png"&gt;&lt;img src="selenium-screenshot-9.png" width="800px"&gt;&lt;/a&gt;</msg>
<status status="PASS" starttime="20231217 12:34:46.568" endtime="20231217 12:34:46.832"/>
</kw>
<kw name="Close Browser" library="SeleniumLibrary">
<doc>Closes the current browser.</doc>
<status status="PASS" starttime="20231217 12:34:46.832" endtime="20231217 12:34:49.182"/>
</kw>
<status status="PASS" starttime="20231217 12:34:46.567" endtime="20231217 12:34:49.183"/>
</kw>
<doc>Esse teste verifica a remoção de um produto no carrinho de compras</doc>
<tag>remover_carrinho</tag>
<status status="PASS" starttime="20231217 12:34:39.164" endtime="20231217 12:34:49.184"/>
</test>
<doc>Essa suite testa as funcionalidades do site, com usuário logado na aplicação</doc>
<status status="PASS" starttime="20231217 12:34:28.403" endtime="20231217 12:34:49.196"/>
</suite>
<statistics>
<total>
<stat pass="2" fail="0" skip="0">All Tests</stat>
</total>
<tag>
<stat pass="1" fail="0" skip="0">Adicionar_carrinho</stat>
<stat pass="1" fail="0" skip="0">remover_carrinho</stat>
</tag>
<suite>
<stat pass="2" fail="0" skip="0" id="s1" name="Swaglab">Swaglab</stat>
</suite>
</statistics>
<errors>
</errors>
</robot>
